C51 COMPILER V9.54   MAIN                                                                  02/26/2023 16:21:05 PAGE 1   


C51 COMPILER V9.54, COMPILATION OF MODULE MAIN
OBJECT MODULE PLACED IN .\Objects\main.obj
COMPILER INVOKED BY: D:\keil5\C51\BIN\C51.EXE main.c OPTIMIZE(8,SPEED) BROWSE DEBUG OBJECTEXTEND PRINT(.\Listings\main.l
                    -st) TABS(2) OBJECT(.\Objects\main.obj)

line level    source

   1          #include<REGX52.H>
   2          #include<INTRINS.H>
   3          
   4          void Delay(unsigned int xms)    //@12.000MHz
   5          {
   6   1        
   7   1        while(xms)
   8   1        {
   9   2          unsigned char i, j;
  10   2      
  11   2          i = 2;
  12   2          j = 239;
  13   2          do
  14   2          {
  15   3            while (--j);
  16   3          } while (--i);
  17   2      
  18   2          
  19   2          xms--;
  20   2        }
  21   1        
  22   1        
  23   1      }
  24          
  25          
  26          void main()
  27          {
  28   1              unsigned int time ;
  29   1        
  30   1              while (1)
  31   1              {
  32   2                for( time= 0 ; time < 100 ; time ++)
  33   2                {
  34   3                  P2_0 = 0;
  35   3                  P2_4 = 0;
  36   3                  P0_0 = 0;
  37   3                  P0_4 = 0;           
  38   3                  Delay (time/8);
  39   3                  P2_0 = 1;
  40   3                  P2_4 = 1;
  41   3                  P0_0 = 1;
  42   3                  P0_4 = 1;
  43   3                  Delay ((100 - time)/8);         
  44   3                }
  45   2                
  46   2                for ( time= 100 ; time > 0 ; time --)
  47   2                {
  48   3                  P2_0 = 0;
  49   3                  P2_4 = 0;
  50   3                  P0_0 = 0;
  51   3                  P0_4 = 0;           
  52   3                  Delay (time/8);
  53   3                  P2_0 = 1;
  54   3                  P2_4 = 1;
C51 COMPILER V9.54   MAIN                                                                  02/26/2023 16:21:05 PAGE 2   

  55   3                  P0_0 = 1;
  56   3                  P0_4 = 1;
  57   3                  Delay ((100 - time)/8);         
  58   3                }
  59   2                
  60   2                for( time= 0 ; time < 100 ; time ++)
  61   2                {
  62   3                  P2_1 = 0;
  63   3                  P2_5 = 0;
  64   3                  P0_1 = 0;
  65   3                  P0_5 = 0;           
  66   3                  Delay (time/8);
  67   3                  P2_1 = 1;
  68   3                  P2_5 = 1;
  69   3                  P0_1 = 1;
  70   3                  P0_5 = 1;
  71   3                  Delay ((100 - time)/8);         
  72   3                }
  73   2                
  74   2                for ( time= 100 ; time > 0 ; time --)
  75   2                {
  76   3                  P2_1 = 0;
  77   3                  P2_5 = 0;
  78   3                  P0_1 = 0;
  79   3                  P0_5 = 0;           
  80   3                  Delay (time/8);
  81   3                  P2_1 = 1;
  82   3                  P2_5 = 1;
  83   3                  P0_1 = 1;
  84   3                  P0_5 = 1;
  85   3                  Delay ((100 - time)/8);         
  86   3                }
  87   2                
  88   2                for( time= 0 ; time < 100 ; time ++)
  89   2                {
  90   3                  P2_2 = 0;
  91   3                  P2_6 = 0;
  92   3                  P0_2 = 0;
  93   3                  P0_6 = 0;           
  94   3                  Delay (time/8);
  95   3                  P2_2 = 1;
  96   3                  P2_6 = 1;
  97   3                  P0_2 = 1;
  98   3                  P0_6 = 1;
  99   3                  Delay ((100 - time)/8);         
 100   3                }
 101   2                
 102   2                for ( time= 100 ; time > 0 ; time --)
 103   2                {
 104   3                  P2_2 = 0;
 105   3                  P2_6 = 0;
 106   3                  P0_2 = 0;
 107   3                  P0_6 = 0;           
 108   3                  Delay (time/8);
 109   3                  P2_2 = 1;
 110   3                  P2_6 = 1;
 111   3                  P0_2 = 1;
 112   3                  P0_6 = 1;
 113   3                  Delay ((100 - time)/8);         
 114   3                }
 115   2                
 116   2                for( time= 0 ; time < 100 ; time ++)
C51 COMPILER V9.54   MAIN                                                                  02/26/2023 16:21:05 PAGE 3   

 117   2                {
 118   3                  P2_3 = 0;
 119   3                  P2_7 = 0;
 120   3                  P0_3 = 0;
 121   3                  P0_7 = 0;           
 122   3                  Delay (time/8);
 123   3                  P2_3 = 1;
 124   3                  P2_7 = 1;
 125   3                  P0_3 = 1;
 126   3                  P0_7 = 1;
 127   3                  Delay ((100 - time)/8);         
 128   3                }
 129   2                
 130   2                for ( time= 100 ; time > 0 ; time --)
 131   2                {
 132   3                  P2_3 = 0;
 133   3                  P2_7 = 0;
 134   3                  P0_3 = 0;
 135   3                  P0_7 = 0;           
 136   3                  Delay (time/8);
 137   3                  P2_3 = 1;
 138   3                  P2_7 = 1;
 139   3                  P0_3 = 1;
 140   3                  P0_7 = 1;
 141   3                  Delay ((100 - time)/8);         
 142   3                }
 143   2                
 144   2                for( time= 0 ; time < 100 ; time ++)
 145   2                {
 146   3                  P2_2 = 0;
 147   3                  P2_6 = 0;
 148   3                  P0_2 = 0;
 149   3                  P0_6 = 0;           
 150   3                  Delay (time/8);
 151   3                  P2_2 = 1;
 152   3                  P2_6 = 1;
 153   3                  P0_2 = 1;
 154   3                  P0_6 = 1;
 155   3                  Delay ((100 - time)/8);         
 156   3                }
 157   2                
 158   2                for ( time= 100 ; time > 0 ; time --)
 159   2                {
 160   3                  P2_2 = 0;
 161   3                  P2_6 = 0;
 162   3                  P0_2 = 0;
 163   3                  P0_6 = 0;           
 164   3                  Delay (time/8);
 165   3                  P2_2 = 1;
 166   3                  P2_6 = 1;
 167   3                  P0_2 = 1;
 168   3                  P0_6 = 1;
 169   3                  Delay ((100 - time)/8);         
 170   3                }
 171   2                
 172   2                for( time= 0 ; time < 100 ; time ++)
 173   2                {
 174   3                  P2_1 = 0;
 175   3                  P2_5 = 0;
 176   3                  P0_1 = 0;
 177   3                  P0_5 = 0;           
 178   3                  Delay (time/8);
C51 COMPILER V9.54   MAIN                                                                  02/26/2023 16:21:05 PAGE 4   

 179   3                  P2_1 = 1;
 180   3                  P2_5 = 1;
 181   3                  P0_1 = 1;
 182   3                  P0_5 = 1;
 183   3                  Delay ((100 - time)/8);         
 184   3                }
 185   2                
 186   2                for ( time= 100 ; time > 0 ; time --)
 187   2                {
 188   3                  P2_1 = 0;
 189   3                  P2_5 = 0;
 190   3                  P0_1 = 0;
 191   3                  P0_5 = 0;           
 192   3                  Delay (time/8);
 193   3                  P2_1 = 1;
 194   3                  P2_5 = 1;
 195   3                  P0_1 = 1;
 196   3                  P0_5 = 1;
 197   3                  Delay ((100 - time)/8);         
 198   3                }
 199   2                
 200   2                P0 = 0X00;
 201   2                P2 = 0X00;
 202   2                Delay(3000);
 203   2      
 204   2              }
 205   1      }


MODULE INFORMATION:   STATIC OVERLAYABLE
   CODE SIZE        =    849    ----
   CONSTANT SIZE    =   ----    ----
   XDATA SIZE       =   ----    ----
   PDATA SIZE       =   ----    ----
   DATA SIZE        =   ----       2
   IDATA SIZE       =   ----    ----
   BIT SIZE         =   ----    ----
END OF MODULE INFORMATION.


C51 COMPILATION COMPLETE.  0 WARNING(S),  0 ERROR(S)
