C51 COMPILER V9.54   MAIN                                                                  11/15/2022 11:12:27 PAGE 1   


C51 COMPILER V9.54, COMPILATION OF MODULE MAIN
OBJECT MODULE PLACED IN .\Objects\main.obj
COMPILER INVOKED BY: D:\keil5\C51\BIN\C51.EXE main.c OPTIMIZE(8,SPEED) BROWSE DEBUG OBJECTEXTEND PRINT(.\Listings\main.l
                    -st) OBJECT(.\Objects\main.obj)

line level    source

   1          #include <REGX52.H>
   2          
   3          unsigned char LEDNum;//Î´¸³ÖµÄ¬ÈÏÎª0
   4          void Delay (unsigned int xms)           //@12.000MHz
   5          {
   6   1              unsigned char i, j;
   7   1              while(xms)
   8   1              {
   9   2                              i = 2;
  10   2                      j = 239;
  11   2                      do
  12   2                      {
  13   3                              while (--j);
  14   3                      } while (--i);
  15   2                      xms--;
  16   2              }
  17   1      }
  18          
  19          void main ()
  20          {
  21   1              P2 = ~0x01;
  22   1              while (1)
  23   1              {
  24   2                      if (P3_1 == 0)
  25   2                      {
  26   3                              Delay (20);
  27   3                              while (P3_1 == 0);//¼ì²âËÉÊÖ
  28   3                              Delay (20);
  29   3                      
  30   3                              LEDNum++;
  31   3                              if (LEDNum >= 8)
  32   3                              {
  33   4                                      LEDNum = 0;
  34   4                              }
  35   3                              P2 = ~(0x01<<LEDNum);
  36   3                      }
  37   2                      
  38   2                      if (P3_0 == 0)
  39   2                      {
  40   3                              Delay (20);
  41   3                              while (P3_0 == 0);//¼ì²âËÉÊÖ
  42   3                              Delay (20);
  43   3                      
  44   3      
  45   3                              if (LEDNum ==0)
  46   3                              {
  47   4                                      LEDNum = 7;
  48   4                              }
  49   3                              else
  50   3                                      LEDNum--;
  51   3                                      P2 = ~(0x01<<LEDNum);                           
  52   3                      }
  53   2              }
  54   1      }
C51 COMPILER V9.54   MAIN                                                                  11/15/2022 11:12:27 PAGE 2   



MODULE INFORMATION:   STATIC OVERLAYABLE
   CODE SIZE        =    108    ----
   CONSTANT SIZE    =   ----    ----
   XDATA SIZE       =   ----    ----
   PDATA SIZE       =   ----    ----
   DATA SIZE        =      1    ----
   IDATA SIZE       =   ----    ----
   BIT SIZE         =   ----    ----
END OF MODULE INFORMATION.


C51 COMPILATION COMPLETE.  0 WARNING(S),  0 ERROR(S)
