C51 COMPILER V9.54   MAIN                                                                  12/16/2022 19:56:24 PAGE 1   


C51 COMPILER V9.54, COMPILATION OF MODULE MAIN
OBJECT MODULE PLACED IN .\Objects\main.obj
COMPILER INVOKED BY: D:\keil5\C51\BIN\C51.EXE main.c OPTIMIZE(8,SPEED) BROWSE DEBUG OBJECTEXTEND PRINT(.\Listings\main.l
                    -st) OBJECT(.\Objects\main.obj)

line level    source

*** WARNING C500 IN LINE 1 OF main.c: LICENSE ERROR (R207(3): REGISTRY READ ERROR)

   1          #include <REGX52.H>
   2          
   3          void main ()
   4          {
   5   1              while (1)
   6   1              {
   7   2                      if(P3_1 == 0   ||   P3_0 == 0)
   8   2                      {
   9   3                              P2_0 = 0;
  10   3                      }
  11   2                      else
  12   2                      {
  13   3                              P2_0 = 1;
  14   3                      }
  15   2              }
  16   1      }


MODULE INFORMATION:   STATIC OVERLAYABLE
   CODE SIZE        =     14    ----
   CONSTANT SIZE    =   ----    ----
   XDATA SIZE       =   ----    ----
   PDATA SIZE       =   ----    ----
   DATA SIZE        =   ----    ----
   IDATA SIZE       =   ----    ----
   BIT SIZE         =   ----    ----
END OF MODULE INFORMATION.


C51 COMPILATION COMPLETE.  1 WARNING(S),  0 ERROR(S)
