C51 COMPILER V9.54   MAIN                                                                  02/26/2023 16:51:07 PAGE 1   


C51 COMPILER V9.54, COMPILATION OF MODULE MAIN
OBJECT MODULE PLACED IN .\Objects\main.obj
COMPILER INVOKED BY: D:\keil5\C51\BIN\C51.EXE main.c OPTIMIZE(8,SPEED) BROWSE DEBUG OBJECTEXTEND PRINT(.\Listings\main.l
                    -st) TABS(2) OBJECT(.\Objects\main.obj)

line level    source

   1          #include<REGX52.H>
   2          #include<INTRINS.H>
   3          
   4          void Delay(unsigned int xms )   //@12.000MHz
   5          {
   6   1        while(xms)
   7   1        {
   8   2          unsigned char i, j;
   9   2      
  10   2          i = 2;
  11   2          j = 239;
  12   2          do
  13   2          {
  14   3            while (--j);
  15   3          } while (--i);
  16   2          xms--;
  17   2        }
  18   1      }
  19          
  20          int i = 0;
  21          int num1 = 0;
  22          int num2 = 1000;
  23          int num3 = 0;
  24          int h = 10;
  25          void main()
  26          {
  27   1        while(1)
  28   1        {
  29   2          if (P3_1 == 0)
  30   2          {
  31   3            Delay(20);
  32   3            while(P3_1 == 0);//按键消抖
  33   3            Delay(20);
  34   3            
  35   3            
  36   3            P2 = 0xfe;
  37   3            P0 = 0xfe;
  38   3            for(i = 0;i < 7;i++)
  39   3            {
  40   4              P2 =P2<<1 ;
  41   4              P0 =P0<<1 ;
  42   4              Delay(200);
  43   4            }
  44   3            Delay(2000);
  45   3            
  46   3            for(num3 = 0;num3 < 10; num3++)
  47   3            {
  48   4              P0 = 0x00;
  49   4              P2 = 0x00;
  50   4              Delay(100);
  51   4              P0 = 0xff;
  52   4              P2 = 0xff;
  53   4              Delay(100);
  54   4        
C51 COMPILER V9.54   MAIN                                                                  02/26/2023 16:51:07 PAGE 2   

  55   4            }
  56   3      
  57   3          }
  58   2          else if (P3_0 == 0)
  59   2          {
  60   3            Delay(20);
  61   3            while(P3_1 == 0);//按键消抖
  62   3            Delay(20);
  63   3          
  64   3              while(1)
  65   3              {
  66   4                
  67   4                P2 = 0x0f;
  68   4                P0 = 0xff;        
  69   4                Delay(num2);
  70   4                P2 = 0xf0;    
  71   4                Delay(num2);
  72   4                P0 = 0xf0;
  73   4                P2 = 0xff;    
  74   4                Delay(num2);
  75   4                P0 = 0x0f;    
  76   4                Delay(num2);
  77   4                if (100 == num2)
  78   4                {
  79   5                  num2= 1000;
  80   5                  while(h)
  81   5                  {
  82   6                    h--;
  83   6                    num2 = 100;
  84   6                    break;
  85   6                  }
  86   5                }
  87   4                else if(0 == h)
  88   4                {
  89   5                  h = 10;
  90   5                }
  91   4      
  92   4                else
  93   4                {
  94   5                num2 -= 100;
  95   5                }
  96   4              }
  97   3              
  98   3            
  99   3          }
 100   2          else if(P3_2 == 0)
 101   2          {
 102   3              unsigned int time ;
 103   3        
 104   3              while (1)
 105   3              {
 106   4                for( time= 0 ; time < 100 ; time ++)
 107   4                {
 108   5                  P2_0 = 0;
 109   5                  P2_4 = 0;
 110   5                  P0_0 = 0;
 111   5                  P0_4 = 0;           
 112   5                  Delay (time/8);
 113   5                  P2_0 = 1;
 114   5                  P2_4 = 1;
 115   5                  P0_0 = 1;
 116   5                  P0_4 = 1;
C51 COMPILER V9.54   MAIN                                                                  02/26/2023 16:51:07 PAGE 3   

 117   5                  Delay ((100 - time)/8);         
 118   5                }
 119   4                
 120   4                for ( time= 100 ; time > 0 ; time --)
 121   4                {
 122   5                  P2_0 = 0;
 123   5                  P2_4 = 0;
 124   5                  P0_0 = 0;
 125   5                  P0_4 = 0;           
 126   5                  Delay (time/8);
 127   5                  P2_0 = 1;
 128   5                  P2_4 = 1;
 129   5                  P0_0 = 1;
 130   5                  P0_4 = 1;
 131   5                  Delay ((100 - time)/8);         
 132   5                }
 133   4                
 134   4                for( time= 0 ; time < 100 ; time ++)
 135   4                {
 136   5                  P2_1 = 0;
 137   5                  P2_5 = 0;
 138   5                  P0_1 = 0;
 139   5                  P0_5 = 0;           
 140   5                  Delay (time/8);
 141   5                  P2_1 = 1;
 142   5                  P2_5 = 1;
 143   5                  P0_1 = 1;
 144   5                  P0_5 = 1;
 145   5                  Delay ((100 - time)/8);         
 146   5                }
 147   4                
 148   4                for ( time= 100 ; time > 0 ; time --)
 149   4                {
 150   5                  P2_1 = 0;
 151   5                  P2_5 = 0;
 152   5                  P0_1 = 0;
 153   5                  P0_5 = 0;           
 154   5                  Delay (time/8);
 155   5                  P2_1 = 1;
 156   5                  P2_5 = 1;
 157   5                  P0_1 = 1;
 158   5                  P0_5 = 1;
 159   5                  Delay ((100 - time)/8);         
 160   5                }
 161   4                
 162   4                for( time= 0 ; time < 100 ; time ++)
 163   4                {
 164   5                  P2_2 = 0;
 165   5                  P2_6 = 0;
 166   5                  P0_2 = 0;
 167   5                  P0_6 = 0;           
 168   5                  Delay (time/8);
 169   5                  P2_2 = 1;
 170   5                  P2_6 = 1;
 171   5                  P0_2 = 1;
 172   5                  P0_6 = 1;
 173   5                  Delay ((100 - time)/8);         
 174   5                }
 175   4                
 176   4                for ( time= 100 ; time > 0 ; time --)
 177   4                {
 178   5                  P2_2 = 0;
C51 COMPILER V9.54   MAIN                                                                  02/26/2023 16:51:07 PAGE 4   

 179   5                  P2_6 = 0;
 180   5                  P0_2 = 0;
 181   5                  P0_6 = 0;           
 182   5                  Delay (time/8);
 183   5                  P2_2 = 1;
 184   5                  P2_6 = 1;
 185   5                  P0_2 = 1;
 186   5                  P0_6 = 1;
 187   5                  Delay ((100 - time)/8);         
 188   5                }
 189   4                
 190   4                for( time= 0 ; time < 100 ; time ++)
 191   4                {
 192   5                  P2_3 = 0;
 193   5                  P2_7 = 0;
 194   5                  P0_3 = 0;
 195   5                  P0_7 = 0;           
 196   5                  Delay (time/8);
 197   5                  P2_3 = 1;
 198   5                  P2_7 = 1;
 199   5                  P0_3 = 1;
 200   5                  P0_7 = 1;
 201   5                  Delay ((100 - time)/8);         
 202   5                }
 203   4                
 204   4                for ( time= 100 ; time > 0 ; time --)
 205   4                {
 206   5                  P2_3 = 0;
 207   5                  P2_7 = 0;
 208   5                  P0_3 = 0;
 209   5                  P0_7 = 0;           
 210   5                  Delay (time/8);
 211   5                  P2_3 = 1;
 212   5                  P2_7 = 1;
 213   5                  P0_3 = 1;
 214   5                  P0_7 = 1;
 215   5                  Delay ((100 - time)/8);         
 216   5                }
 217   4                
 218   4                for( time= 0 ; time < 100 ; time ++)
 219   4                {
 220   5                  P2_2 = 0;
 221   5                  P2_6 = 0;
 222   5                  P0_2 = 0;
 223   5                  P0_6 = 0;           
 224   5                  Delay (time/8);
 225   5                  P2_2 = 1;
 226   5                  P2_6 = 1;
 227   5                  P0_2 = 1;
 228   5                  P0_6 = 1;
 229   5                  Delay ((100 - time)/8);         
 230   5                }
 231   4                
 232   4                for ( time= 100 ; time > 0 ; time --)
 233   4                {
 234   5                  P2_2 = 0;
 235   5                  P2_6 = 0;
 236   5                  P0_2 = 0;
 237   5                  P0_6 = 0;           
 238   5                  Delay (time/8);
 239   5                  P2_2 = 1;
 240   5                  P2_6 = 1;
C51 COMPILER V9.54   MAIN                                                                  02/26/2023 16:51:07 PAGE 5   

 241   5                  P0_2 = 1;
 242   5                  P0_6 = 1;
 243   5                  Delay ((100 - time)/8);         
 244   5                }
 245   4                
 246   4                for( time= 0 ; time < 100 ; time ++)
 247   4                {
 248   5                  P2_1 = 0;
 249   5                  P2_5 = 0;
 250   5                  P0_1 = 0;
 251   5                  P0_5 = 0;           
 252   5                  Delay (time/8);
 253   5                  P2_1 = 1;
 254   5                  P2_5 = 1;
 255   5                  P0_1 = 1;
 256   5                  P0_5 = 1;
 257   5                  Delay ((100 - time)/8);         
 258   5                }
 259   4                
 260   4                for ( time= 100 ; time > 0 ; time --)
 261   4                {
 262   5                  P2_1 = 0;
 263   5                  P2_5 = 0;
 264   5                  P0_1 = 0;
 265   5                  P0_5 = 0;           
 266   5                  Delay (time/8);
 267   5                  P2_1 = 1;
 268   5                  P2_5 = 1;
 269   5                  P0_1 = 1;
 270   5                  P0_5 = 1;
 271   5                  Delay ((100 - time)/8);         
 272   5                }
 273   4                
 274   4                P0 = 0X00;
 275   4                P2 = 0X00;
 276   4                Delay(3000);
 277   4      
 278   4              }
 279   3              
 280   3      
 281   3          }
 282   2          else if(P3_3 == 0)
 283   2          {
 284   3                Delay(20);
 285   3                while ( P3_3 == 0)
 286   3                Delay(20);
 287   3      
 288   3                while(1)
 289   3                {
 290   4                  P2 = 0xff;
 291   4                  P0 = 0xF7;    //1111 0111
 292   4                  Delay(100);
 293   4                  P0 = 0xFB;    //1111 1011
 294   4                  Delay(100);
 295   4                  P0 = 0xFD;    //1111 1101
 296   4                  Delay(100);
 297   4                  P0 = 0xFE;    //1111 1110         
 298   4                  Delay(100);
 299   4                  
 300   4                  
 301   4                  P0 = 0xEF;    //1110 1111
 302   4                  Delay(100);
C51 COMPILER V9.54   MAIN                                                                  02/26/2023 16:51:07 PAGE 6   

 303   4                  P0 = 0xDF;    //1101 1111
 304   4                  Delay(100);
 305   4                  P0 = 0xBF;    //1011 1111
 306   4                  Delay(100);
 307   4                  P0 = 0x7F;    //0111 1111
 308   4                  Delay(100);
 309   4                  
 310   4                  P0 = 0xff;
 311   4                  P2 = 0xF7;    //1111 0111
 312   4                  Delay(100);
 313   4                  P2 = 0xFB;    //1111 1011
 314   4                  Delay(100);
 315   4                  P2 = 0xFD;    //1111 1101
 316   4                  Delay(100);
 317   4                  P2 = 0xFE;    //1111 1110
 318   4                  Delay(100);
 319   4      
 320   4                  P2 = 0x7F;    //0111 1111
 321   4                  Delay(100);
 322   4                  P2 = 0xBF;    //1011 1111
 323   4                  Delay(100);
 324   4                  P2 = 0xDF;    //1101 1111
 325   4                  Delay(100);
 326   4                  P2 = 0xEF;    //1110 1111
 327   4                  Delay(100);
 328   4          
 329   4          
 330   4                }
 331   3                
 332   3                
 333   3          }
 334   2      
 335   2       }
 336   1      }
 337          
 338          
 339          


MODULE INFORMATION:   STATIC OVERLAYABLE
   CODE SIZE        =   1396    ----
   CONSTANT SIZE    =   ----    ----
   XDATA SIZE       =   ----    ----
   PDATA SIZE       =   ----    ----
   DATA SIZE        =     10       4
   IDATA SIZE       =   ----    ----
   BIT SIZE         =   ----    ----
END OF MODULE INFORMATION.


C51 COMPILATION COMPLETE.  0 WARNING(S),  0 ERROR(S)
